[2019-09-30T09:21:06.303] [INFO] pipe - index模块：生成日志文件
[2019-09-30T09:21:06.356] [INFO] pipe - reg模块：生成日志文件
[2019-09-30T09:21:06.751] [INFO] pipe - login模块：生成日志文件
[2019-09-30T09:21:06.755] [INFO] pipe - userList模块：生成日志文件
[2019-09-30T09:21:07.065] [INFO] pipe - websocket模块：生成日志文件
[2019-09-30T09:21:07.265] [INFO] pipe - imageList模块：生成日志文件
[2019-09-30T10:06:58.884] [INFO] pipe - index模块：生成日志文件
[2019-09-30T10:06:58.893] [INFO] pipe - reg模块：生成日志文件
[2019-09-30T10:06:58.997] [INFO] pipe - login模块：生成日志文件
[2019-09-30T10:06:59.001] [INFO] pipe - userList模块：生成日志文件
[2019-09-30T10:06:59.067] [INFO] pipe - websocket模块：生成日志文件
[2019-09-30T10:06:59.113] [INFO] pipe - imageList模块：生成日志文件
[2019-09-30T10:08:30.823] [INFO] pipe - index模块：生成日志文件
[2019-09-30T10:08:30.832] [INFO] pipe - reg模块：生成日志文件
[2019-09-30T10:08:30.944] [INFO] pipe - login模块：生成日志文件
[2019-09-30T10:08:30.950] [INFO] pipe - userList模块：生成日志文件
[2019-09-30T10:08:31.027] [INFO] pipe - websocket模块：生成日志文件
[2019-09-30T10:08:31.081] [INFO] pipe - imageList模块：生成日志文件
[2019-09-30T10:11:46.011] [INFO] pipe - index模块：生成日志文件
[2019-09-30T10:11:46.020] [INFO] pipe - reg模块：生成日志文件
[2019-09-30T10:11:46.129] [INFO] pipe - login模块：生成日志文件
[2019-09-30T10:11:46.133] [INFO] pipe - userList模块：生成日志文件
[2019-09-30T10:11:46.215] [INFO] pipe - websocket模块：生成日志文件
[2019-09-30T10:11:46.280] [INFO] pipe - imageList模块：生成日志文件
[2019-09-30T10:13:44.454] [INFO] pipe - index模块：生成日志文件
[2019-09-30T10:13:44.463] [INFO] pipe - reg模块：生成日志文件
[2019-09-30T10:13:44.564] [INFO] pipe - login模块：生成日志文件
[2019-09-30T10:13:44.569] [INFO] pipe - userList模块：生成日志文件
[2019-09-30T10:13:44.646] [INFO] pipe - websocket模块：生成日志文件
[2019-09-30T10:13:44.699] [INFO] pipe - imageList模块：生成日志文件
[2019-09-30T10:16:10.396] [INFO] pipe - index模块：生成日志文件
[2019-09-30T10:16:10.405] [INFO] pipe - reg模块：生成日志文件
[2019-09-30T10:16:10.508] [INFO] pipe - login模块：生成日志文件
[2019-09-30T10:16:10.511] [INFO] pipe - userList模块：生成日志文件
[2019-09-30T10:16:10.585] [INFO] pipe - websocket模块：生成日志文件
[2019-09-30T10:16:10.634] [INFO] pipe - imageList模块：生成日志文件
[2019-09-30T10:20:45.756] [INFO] pipe - index模块：生成日志文件
[2019-09-30T10:20:45.765] [INFO] pipe - reg模块：生成日志文件
[2019-09-30T10:20:45.867] [INFO] pipe - login模块：生成日志文件
[2019-09-30T10:20:45.872] [INFO] pipe - userList模块：生成日志文件
[2019-09-30T10:20:45.940] [INFO] pipe - websocket模块：生成日志文件
[2019-09-30T10:20:45.985] [INFO] pipe - imageList模块：生成日志文件
[2019-09-30T10:22:02.915] [INFO] pipe - index模块：生成日志文件
[2019-09-30T10:22:02.926] [INFO] pipe - reg模块：生成日志文件
[2019-09-30T10:22:03.036] [INFO] pipe - login模块：生成日志文件
[2019-09-30T10:22:03.039] [INFO] pipe - userList模块：生成日志文件
[2019-09-30T10:22:03.105] [INFO] pipe - websocket模块：生成日志文件
[2019-09-30T10:22:03.151] [INFO] pipe - imageList模块：生成日志文件
[2019-09-30T10:24:08.155] [INFO] pipe - index模块：生成日志文件
[2019-09-30T10:24:08.164] [INFO] pipe - reg模块：生成日志文件
[2019-09-30T10:24:08.269] [INFO] pipe - login模块：生成日志文件
[2019-09-30T10:24:08.273] [INFO] pipe - userList模块：生成日志文件
[2019-09-30T10:24:08.338] [INFO] pipe - websocket模块：生成日志文件
[2019-09-30T10:24:08.387] [INFO] pipe - imageList模块：生成日志文件
[2019-09-30T10:33:55.282] [INFO] pipe - index模块：生成日志文件
[2019-09-30T10:33:55.291] [INFO] pipe - reg模块：生成日志文件
[2019-09-30T10:33:55.397] [INFO] pipe - login模块：生成日志文件
[2019-09-30T10:33:55.401] [INFO] pipe - userList模块：生成日志文件
[2019-09-30T10:33:55.470] [INFO] pipe - websocket模块：生成日志文件
[2019-09-30T10:33:55.518] [INFO] pipe - imageList模块：生成日志文件
[2019-09-30T10:35:43.148] [INFO] pipe - index模块：生成日志文件
[2019-09-30T10:35:43.157] [INFO] pipe - reg模块：生成日志文件
[2019-09-30T10:35:43.266] [INFO] pipe - login模块：生成日志文件
[2019-09-30T10:35:43.270] [INFO] pipe - userList模块：生成日志文件
[2019-09-30T10:35:43.340] [INFO] pipe - websocket模块：生成日志文件
[2019-09-30T10:35:43.388] [INFO] pipe - imageList模块：生成日志文件
[2019-09-30T10:38:48.908] [INFO] pipe - index模块：生成日志文件
[2019-09-30T10:38:48.917] [INFO] pipe - reg模块：生成日志文件
[2019-09-30T10:38:49.023] [INFO] pipe - login模块：生成日志文件
[2019-09-30T10:38:49.026] [INFO] pipe - userList模块：生成日志文件
[2019-09-30T10:38:49.094] [INFO] pipe - websocket模块：生成日志文件
[2019-09-30T10:38:49.147] [INFO] pipe - imageList模块：生成日志文件
[2019-09-30T10:40:15.553] [INFO] pipe - index模块：生成日志文件
[2019-09-30T10:40:15.563] [INFO] pipe - reg模块：生成日志文件
[2019-09-30T10:40:15.664] [INFO] pipe - login模块：生成日志文件
[2019-09-30T10:40:15.668] [INFO] pipe - userList模块：生成日志文件
[2019-09-30T10:40:15.734] [INFO] pipe - websocket模块：生成日志文件
[2019-09-30T10:40:15.778] [INFO] pipe - imageList模块：生成日志文件
[2019-09-30T10:41:45.163] [INFO] pipe - index模块：生成日志文件
[2019-09-30T10:41:45.173] [INFO] pipe - reg模块：生成日志文件
[2019-09-30T10:41:45.299] [INFO] pipe - login模块：生成日志文件
[2019-09-30T10:41:45.303] [INFO] pipe - userList模块：生成日志文件
[2019-09-30T10:41:45.371] [INFO] pipe - websocket模块：生成日志文件
[2019-09-30T10:41:45.422] [INFO] pipe - imageList模块：生成日志文件
[2019-09-30T10:44:59.638] [INFO] pipe - index模块：生成日志文件
[2019-09-30T10:44:59.647] [INFO] pipe - reg模块：生成日志文件
[2019-09-30T10:44:59.750] [INFO] pipe - login模块：生成日志文件
[2019-09-30T10:44:59.754] [INFO] pipe - userList模块：生成日志文件
[2019-09-30T10:44:59.820] [INFO] pipe - websocket模块：生成日志文件
[2019-09-30T10:44:59.867] [INFO] pipe - imageList模块：生成日志文件
[2019-09-30T10:48:54.240] [INFO] pipe - index模块：生成日志文件
[2019-09-30T10:48:54.249] [INFO] pipe - reg模块：生成日志文件
[2019-09-30T10:48:54.353] [INFO] pipe - login模块：生成日志文件
[2019-09-30T10:48:54.357] [INFO] pipe - userList模块：生成日志文件
[2019-09-30T10:48:54.431] [INFO] pipe - websocket模块：生成日志文件
[2019-09-30T10:48:54.485] [INFO] pipe - imageList模块：生成日志文件
[2019-09-30T11:07:41.493] [INFO] pipe - index模块：生成日志文件
[2019-09-30T11:07:41.502] [INFO] pipe - reg模块：生成日志文件
[2019-09-30T11:07:41.602] [INFO] pipe - login模块：生成日志文件
[2019-09-30T11:07:41.606] [INFO] pipe - userList模块：生成日志文件
[2019-09-30T11:07:41.672] [INFO] pipe - websocket模块：生成日志文件
[2019-09-30T11:07:41.724] [INFO] pipe - imageList模块：生成日志文件
[2019-09-30T11:09:01.900] [INFO] pipe - index模块：生成日志文件
[2019-09-30T11:09:01.909] [INFO] pipe - reg模块：生成日志文件
[2019-09-30T11:09:02.018] [INFO] pipe - login模块：生成日志文件
[2019-09-30T11:09:02.023] [INFO] pipe - userList模块：生成日志文件
[2019-09-30T11:09:02.093] [INFO] pipe - websocket模块：生成日志文件
[2019-09-30T11:09:02.142] [INFO] pipe - imageList模块：生成日志文件
[2019-09-30T11:24:58.776] [INFO] pipe - index模块：生成日志文件
[2019-09-30T11:24:58.786] [INFO] pipe - reg模块：生成日志文件
[2019-09-30T11:24:58.887] [INFO] pipe - login模块：生成日志文件
[2019-09-30T11:24:58.892] [INFO] pipe - userList模块：生成日志文件
[2019-09-30T11:24:58.958] [INFO] pipe - websocket模块：生成日志文件
[2019-09-30T11:44:29.438] [INFO] pipe - index模块：生成日志文件
[2019-09-30T11:44:29.448] [INFO] pipe - reg模块：生成日志文件
[2019-09-30T11:44:29.555] [INFO] pipe - login模块：生成日志文件
[2019-09-30T11:44:29.559] [INFO] pipe - userList模块：生成日志文件
[2019-09-30T11:44:29.626] [INFO] pipe - websocket模块：生成日志文件
[2019-09-30T11:45:15.233] [INFO] pipe - index模块：生成日志文件
[2019-09-30T11:45:15.242] [INFO] pipe - reg模块：生成日志文件
[2019-09-30T11:45:15.345] [INFO] pipe - login模块：生成日志文件
[2019-09-30T11:45:15.349] [INFO] pipe - userList模块：生成日志文件
[2019-09-30T11:45:15.415] [INFO] pipe - websocket模块：生成日志文件
[2019-09-30T11:46:38.241] [INFO] pipe - index模块：生成日志文件
[2019-09-30T11:46:38.251] [INFO] pipe - reg模块：生成日志文件
[2019-09-30T11:46:38.368] [INFO] pipe - login模块：生成日志文件
[2019-09-30T11:46:38.371] [INFO] pipe - userList模块：生成日志文件
[2019-09-30T11:46:38.439] [INFO] pipe - websocket模块：生成日志文件
[2019-09-30T11:46:38.489] [INFO] pipe - imageList模块：生成日志文件
[2019-09-30T11:50:42.621] [INFO] pipe - index模块：生成日志文件
[2019-09-30T11:50:42.632] [INFO] pipe - reg模块：生成日志文件
[2019-09-30T11:50:42.737] [INFO] pipe - login模块：生成日志文件
[2019-09-30T11:50:42.741] [INFO] pipe - userList模块：生成日志文件
[2019-09-30T11:50:42.806] [INFO] pipe - websocket模块：生成日志文件
[2019-09-30T11:50:42.854] [INFO] pipe - imageList模块：生成日志文件
[2019-09-30T11:52:09.745] [INFO] pipe - index模块：生成日志文件
[2019-09-30T11:52:09.754] [INFO] pipe - reg模块：生成日志文件
[2019-09-30T11:52:09.860] [INFO] pipe - login模块：生成日志文件
[2019-09-30T11:52:09.864] [INFO] pipe - userList模块：生成日志文件
[2019-09-30T11:52:09.930] [INFO] pipe - websocket模块：生成日志文件
[2019-09-30T11:52:09.981] [INFO] pipe - imageList模块：生成日志文件
[2019-09-30T14:12:44.459] [INFO] pipe - index模块：生成日志文件
[2019-09-30T14:12:44.472] [INFO] pipe - reg模块：生成日志文件
[2019-09-30T14:12:44.595] [INFO] pipe - login模块：生成日志文件
[2019-09-30T14:12:44.598] [INFO] pipe - userList模块：生成日志文件
[2019-09-30T14:12:44.670] [INFO] pipe - websocket模块：生成日志文件
[2019-09-30T14:12:44.725] [INFO] pipe - imageList模块：生成日志文件
[2019-09-30T14:14:35.939] [INFO] pipe - index模块：生成日志文件
[2019-09-30T14:14:35.948] [INFO] pipe - reg模块：生成日志文件
[2019-09-30T14:14:36.053] [INFO] pipe - login模块：生成日志文件
[2019-09-30T14:14:36.057] [INFO] pipe - userList模块：生成日志文件
[2019-09-30T14:14:36.124] [INFO] pipe - websocket模块：生成日志文件
[2019-09-30T14:14:36.175] [INFO] pipe - imageList模块：生成日志文件
[2019-09-30T14:19:54.205] [INFO] pipe - index模块：生成日志文件
[2019-09-30T14:19:54.215] [INFO] pipe - reg模块：生成日志文件
[2019-09-30T14:19:54.317] [INFO] pipe - login模块：生成日志文件
[2019-09-30T14:19:54.320] [INFO] pipe - userList模块：生成日志文件
[2019-09-30T14:19:54.385] [INFO] pipe - websocket模块：生成日志文件
[2019-09-30T14:19:54.437] [INFO] pipe - imageList模块：生成日志文件
[2019-09-30T14:33:12.725] [INFO] pipe - index模块：生成日志文件
[2019-09-30T14:33:12.734] [INFO] pipe - reg模块：生成日志文件
[2019-09-30T14:33:12.838] [INFO] pipe - login模块：生成日志文件
[2019-09-30T14:33:12.841] [INFO] pipe - userList模块：生成日志文件
[2019-09-30T14:33:12.908] [INFO] pipe - websocket模块：生成日志文件
[2019-09-30T14:33:12.952] [INFO] pipe - imageList模块：生成日志文件
[2019-09-30T14:40:45.390] [INFO] pipe - index模块：生成日志文件
[2019-09-30T14:40:45.400] [INFO] pipe - reg模块：生成日志文件
[2019-09-30T14:40:45.505] [INFO] pipe - login模块：生成日志文件
[2019-09-30T14:40:45.509] [INFO] pipe - userList模块：生成日志文件
[2019-09-30T14:40:45.583] [INFO] pipe - websocket模块：生成日志文件
[2019-09-30T14:40:45.641] [INFO] pipe - imageList模块：生成日志文件
[2019-09-30T14:42:34.946] [INFO] pipe - index模块：生成日志文件
[2019-09-30T14:42:34.956] [INFO] pipe - reg模块：生成日志文件
[2019-09-30T14:42:35.060] [INFO] pipe - login模块：生成日志文件
[2019-09-30T14:42:35.064] [INFO] pipe - userList模块：生成日志文件
[2019-09-30T14:42:35.135] [INFO] pipe - websocket模块：生成日志文件
[2019-09-30T14:42:35.181] [INFO] pipe - imageList模块：生成日志文件
[2019-09-30T14:44:04.405] [INFO] pipe - index模块：生成日志文件
[2019-09-30T14:44:04.414] [INFO] pipe - reg模块：生成日志文件
[2019-09-30T14:44:04.525] [INFO] pipe - login模块：生成日志文件
[2019-09-30T14:44:04.528] [INFO] pipe - userList模块：生成日志文件
[2019-09-30T14:44:04.596] [INFO] pipe - websocket模块：生成日志文件
[2019-09-30T14:44:04.646] [INFO] pipe - imageList模块：生成日志文件
[2019-09-30T15:00:16.708] [INFO] pipe - index模块：生成日志文件
[2019-09-30T15:00:16.717] [INFO] pipe - reg模块：生成日志文件
[2019-09-30T15:00:16.827] [INFO] pipe - login模块：生成日志文件
[2019-09-30T15:00:16.831] [INFO] pipe - userList模块：生成日志文件
[2019-09-30T15:00:16.905] [INFO] pipe - websocket模块：生成日志文件
[2019-09-30T15:00:16.956] [INFO] pipe - imageList模块：生成日志文件
[2019-09-30T15:02:37.939] [INFO] pipe - index模块：生成日志文件
[2019-09-30T15:02:37.953] [INFO] pipe - reg模块：生成日志文件
[2019-09-30T15:02:38.070] [INFO] pipe - login模块：生成日志文件
[2019-09-30T15:02:38.073] [INFO] pipe - userList模块：生成日志文件
[2019-09-30T15:02:38.149] [INFO] pipe - websocket模块：生成日志文件
[2019-09-30T15:02:38.199] [INFO] pipe - imageList模块：生成日志文件
[2019-09-30T15:46:59.106] [INFO] pipe - index模块：生成日志文件
[2019-09-30T15:46:59.115] [INFO] pipe - reg模块：生成日志文件
[2019-09-30T15:46:59.215] [INFO] pipe - login模块：生成日志文件
[2019-09-30T15:46:59.219] [INFO] pipe - userList模块：生成日志文件
[2019-09-30T15:46:59.284] [INFO] pipe - websocket模块：生成日志文件
[2019-09-30T15:46:59.333] [INFO] pipe - imageList模块：生成日志文件
[2019-09-30T15:47:49.141] [INFO] pipe - index模块：生成日志文件
[2019-09-30T15:47:49.150] [INFO] pipe - reg模块：生成日志文件
[2019-09-30T15:47:49.250] [INFO] pipe - login模块：生成日志文件
[2019-09-30T15:47:49.254] [INFO] pipe - userList模块：生成日志文件
[2019-09-30T15:47:49.318] [INFO] pipe - websocket模块：生成日志文件
[2019-09-30T15:47:49.371] [INFO] pipe - imageList模块：生成日志文件
[2019-09-30T15:50:47.147] [INFO] pipe - index模块：生成日志文件
[2019-09-30T15:50:47.156] [INFO] pipe - reg模块：生成日志文件
[2019-09-30T15:50:47.261] [INFO] pipe - login模块：生成日志文件
[2019-09-30T15:50:47.265] [INFO] pipe - userList模块：生成日志文件
[2019-09-30T15:50:47.331] [INFO] pipe - websocket模块：生成日志文件
[2019-09-30T15:50:47.378] [INFO] pipe - imageList模块：生成日志文件
[2019-09-30T15:53:53.832] [INFO] pipe - index模块：生成日志文件
[2019-09-30T15:53:53.841] [INFO] pipe - reg模块：生成日志文件
[2019-09-30T15:53:53.951] [INFO] pipe - login模块：生成日志文件
[2019-09-30T15:53:53.954] [INFO] pipe - userList模块：生成日志文件
[2019-09-30T15:53:54.024] [INFO] pipe - websocket模块：生成日志文件
[2019-09-30T15:53:54.076] [INFO] pipe - imageList模块：生成日志文件
[2019-09-30T15:57:24.016] [INFO] pipe - index模块：生成日志文件
[2019-09-30T15:57:24.025] [INFO] pipe - reg模块：生成日志文件
[2019-09-30T15:57:24.125] [INFO] pipe - login模块：生成日志文件
[2019-09-30T15:57:24.130] [INFO] pipe - userList模块：生成日志文件
[2019-09-30T15:57:24.195] [INFO] pipe - websocket模块：生成日志文件
[2019-09-30T15:57:24.245] [INFO] pipe - imageList模块：生成日志文件
[2019-09-30T15:59:15.176] [INFO] pipe - index模块：生成日志文件
[2019-09-30T15:59:15.184] [INFO] pipe - reg模块：生成日志文件
[2019-09-30T15:59:15.285] [INFO] pipe - login模块：生成日志文件
[2019-09-30T15:59:15.288] [INFO] pipe - userList模块：生成日志文件
[2019-09-30T15:59:15.353] [INFO] pipe - websocket模块：生成日志文件
[2019-09-30T15:59:15.404] [INFO] pipe - imageList模块：生成日志文件
[2019-09-30T16:06:14.369] [INFO] pipe - index模块：生成日志文件
[2019-09-30T16:06:14.378] [INFO] pipe - reg模块：生成日志文件
[2019-09-30T16:06:14.483] [INFO] pipe - login模块：生成日志文件
[2019-09-30T16:06:14.487] [INFO] pipe - userList模块：生成日志文件
[2019-09-30T16:06:14.554] [INFO] pipe - websocket模块：生成日志文件
[2019-09-30T16:06:14.601] [INFO] pipe - imageList模块：生成日志文件
[2019-09-30T16:09:35.587] [INFO] pipe - index模块：生成日志文件
[2019-09-30T16:09:35.596] [INFO] pipe - reg模块：生成日志文件
[2019-09-30T16:09:35.710] [INFO] pipe - login模块：生成日志文件
[2019-09-30T16:09:35.714] [INFO] pipe - userList模块：生成日志文件
[2019-09-30T16:09:35.786] [INFO] pipe - websocket模块：生成日志文件
[2019-09-30T16:09:35.839] [INFO] pipe - imageList模块：生成日志文件
[2019-09-30T16:12:32.661] [INFO] pipe - index模块：生成日志文件
[2019-09-30T16:12:32.670] [INFO] pipe - reg模块：生成日志文件
[2019-09-30T16:12:32.771] [INFO] pipe - login模块：生成日志文件
[2019-09-30T16:12:32.775] [INFO] pipe - userList模块：生成日志文件
[2019-09-30T16:12:32.842] [INFO] pipe - websocket模块：生成日志文件
[2019-09-30T16:12:32.889] [INFO] pipe - imageList模块：生成日志文件
[2019-09-30T16:15:22.038] [INFO] pipe - index模块：生成日志文件
[2019-09-30T16:15:22.047] [INFO] pipe - reg模块：生成日志文件
[2019-09-30T16:15:22.150] [INFO] pipe - login模块：生成日志文件
[2019-09-30T16:15:22.154] [INFO] pipe - userList模块：生成日志文件
[2019-09-30T16:15:22.223] [INFO] pipe - websocket模块：生成日志文件
[2019-09-30T16:15:22.270] [INFO] pipe - imageList模块：生成日志文件
[2019-09-30T16:17:04.003] [INFO] pipe - index模块：生成日志文件
[2019-09-30T16:17:04.012] [INFO] pipe - reg模块：生成日志文件
[2019-09-30T16:17:04.114] [INFO] pipe - login模块：生成日志文件
[2019-09-30T16:17:04.119] [INFO] pipe - userList模块：生成日志文件
[2019-09-30T16:17:04.187] [INFO] pipe - websocket模块：生成日志文件
[2019-09-30T16:17:04.234] [INFO] pipe - imageList模块：生成日志文件
[2019-09-30T16:21:28.515] [INFO] pipe - index模块：生成日志文件
[2019-09-30T16:21:28.524] [INFO] pipe - reg模块：生成日志文件
[2019-09-30T16:21:28.627] [INFO] pipe - login模块：生成日志文件
[2019-09-30T16:21:28.630] [INFO] pipe - userList模块：生成日志文件
[2019-09-30T16:21:28.697] [INFO] pipe - websocket模块：生成日志文件
[2019-09-30T16:21:28.746] [INFO] pipe - imageList模块：生成日志文件
[2019-09-30T16:31:05.184] [INFO] pipe - index模块：生成日志文件
[2019-09-30T16:31:05.193] [INFO] pipe - reg模块：生成日志文件
[2019-09-30T16:31:05.298] [INFO] pipe - login模块：生成日志文件
[2019-09-30T16:31:05.302] [INFO] pipe - userList模块：生成日志文件
[2019-09-30T16:31:05.368] [INFO] pipe - websocket模块：生成日志文件
[2019-09-30T16:31:05.413] [INFO] pipe - imageList模块：生成日志文件
[2019-09-30T16:35:57.337] [INFO] pipe - index模块：生成日志文件
[2019-09-30T16:35:57.347] [INFO] pipe - reg模块：生成日志文件
[2019-09-30T16:35:57.449] [INFO] pipe - login模块：生成日志文件
[2019-09-30T16:35:57.453] [INFO] pipe - userList模块：生成日志文件
[2019-09-30T16:35:57.518] [INFO] pipe - websocket模块：生成日志文件
[2019-09-30T16:35:57.567] [INFO] pipe - imageList模块：生成日志文件
[2019-09-30T16:39:04.516] [INFO] pipe - index模块：生成日志文件
[2019-09-30T16:39:04.527] [INFO] pipe - reg模块：生成日志文件
[2019-09-30T16:39:04.629] [INFO] pipe - login模块：生成日志文件
[2019-09-30T16:39:04.633] [INFO] pipe - userList模块：生成日志文件
[2019-09-30T16:39:04.700] [INFO] pipe - websocket模块：生成日志文件
[2019-09-30T16:39:04.747] [INFO] pipe - imageList模块：生成日志文件
[2019-09-30T16:51:26.793] [INFO] pipe - index模块：生成日志文件
[2019-09-30T16:51:26.805] [INFO] pipe - reg模块：生成日志文件
[2019-09-30T16:51:26.936] [INFO] pipe - login模块：生成日志文件
[2019-09-30T16:51:26.940] [INFO] pipe - userList模块：生成日志文件
[2019-09-30T16:51:27.012] [INFO] pipe - websocket模块：生成日志文件
[2019-09-30T16:51:27.066] [INFO] pipe - imageList模块：生成日志文件
[2019-09-30T16:54:47.456] [INFO] pipe - index模块：生成日志文件
[2019-09-30T16:54:47.467] [INFO] pipe - reg模块：生成日志文件
[2019-09-30T16:54:47.602] [INFO] pipe - login模块：生成日志文件
[2019-09-30T16:54:47.607] [INFO] pipe - userList模块：生成日志文件
[2019-09-30T16:54:47.691] [INFO] pipe - websocket模块：生成日志文件
[2019-09-30T16:54:47.745] [INFO] pipe - imageList模块：生成日志文件
[2019-09-30T17:01:12.868] [INFO] pipe - index模块：生成日志文件
[2019-09-30T17:01:12.877] [INFO] pipe - reg模块：生成日志文件
[2019-09-30T17:01:12.990] [INFO] pipe - login模块：生成日志文件
[2019-09-30T17:01:12.994] [INFO] pipe - userList模块：生成日志文件
[2019-09-30T17:01:13.066] [INFO] pipe - websocket模块：生成日志文件
[2019-09-30T17:01:13.113] [INFO] pipe - imageList模块：生成日志文件
[2019-09-30T17:01:59.897] [INFO] pipe - index模块：生成日志文件
[2019-09-30T17:01:59.907] [INFO] pipe - reg模块：生成日志文件
[2019-09-30T17:02:00.019] [INFO] pipe - login模块：生成日志文件
[2019-09-30T17:02:00.023] [INFO] pipe - userList模块：生成日志文件
[2019-09-30T17:02:00.101] [INFO] pipe - websocket模块：生成日志文件
[2019-09-30T17:02:00.156] [INFO] pipe - imageList模块：生成日志文件
[2019-09-30T17:07:18.349] [INFO] pipe - index模块：生成日志文件
[2019-09-30T17:07:18.359] [INFO] pipe - reg模块：生成日志文件
[2019-09-30T17:07:18.462] [INFO] pipe - login模块：生成日志文件
[2019-09-30T17:07:18.466] [INFO] pipe - userList模块：生成日志文件
[2019-09-30T17:07:18.535] [INFO] pipe - websocket模块：生成日志文件
[2019-09-30T17:07:18.588] [INFO] pipe - imageList模块：生成日志文件
[2019-09-30T17:17:08.846] [INFO] pipe - index模块：生成日志文件
[2019-09-30T17:17:08.856] [INFO] pipe - reg模块：生成日志文件
[2019-09-30T17:17:08.955] [INFO] pipe - login模块：生成日志文件
[2019-09-30T17:17:08.959] [INFO] pipe - userList模块：生成日志文件
[2019-09-30T17:17:09.023] [INFO] pipe - websocket模块：生成日志文件
[2019-09-30T17:17:09.068] [INFO] pipe - imageList模块：生成日志文件
[2019-09-30T17:21:14.004] [INFO] pipe - index模块：生成日志文件
[2019-09-30T17:21:14.013] [INFO] pipe - reg模块：生成日志文件
[2019-09-30T17:21:14.115] [INFO] pipe - login模块：生成日志文件
[2019-09-30T17:21:14.119] [INFO] pipe - userList模块：生成日志文件
[2019-09-30T17:21:14.184] [INFO] pipe - websocket模块：生成日志文件
[2019-09-30T17:21:14.240] [INFO] pipe - imageList模块：生成日志文件
[2019-09-30T17:28:58.738] [INFO] pipe - index模块：生成日志文件
[2019-09-30T17:28:58.749] [INFO] pipe - reg模块：生成日志文件
[2019-09-30T17:28:58.857] [INFO] pipe - login模块：生成日志文件
[2019-09-30T17:28:58.861] [INFO] pipe - userList模块：生成日志文件
[2019-09-30T17:28:58.929] [INFO] pipe - websocket模块：生成日志文件
[2019-09-30T17:28:58.975] [INFO] pipe - imageList模块：生成日志文件
[2019-09-30T17:32:16.039] [INFO] pipe - index模块：生成日志文件
[2019-09-30T17:32:16.051] [INFO] pipe - reg模块：生成日志文件
[2019-09-30T17:32:16.194] [INFO] pipe - login模块：生成日志文件
[2019-09-30T17:32:16.198] [INFO] pipe - userList模块：生成日志文件
[2019-09-30T17:32:16.272] [INFO] pipe - websocket模块：生成日志文件
[2019-09-30T17:32:16.322] [INFO] pipe - imageList模块：生成日志文件
