[2019-09-26T09:20:29.183] [INFO] pipe - index模块：生成日志文件
[2019-09-26T09:20:29.310] [INFO] pipe - reg模块：生成日志文件
[2019-09-26T09:20:29.606] [INFO] pipe - login模块：生成日志文件
[2019-09-26T09:20:29.621] [INFO] pipe - userList模块：生成日志文件
[2019-09-26T09:20:30.156] [INFO] pipe - websocket模块：生成日志文件
[2019-09-26T09:36:32.418] [INFO] pipe - index模块：生成日志文件
[2019-09-26T09:36:32.428] [INFO] pipe - reg模块：生成日志文件
[2019-09-26T09:36:32.499] [INFO] pipe - login模块：生成日志文件
[2019-09-26T09:36:32.506] [INFO] pipe - userList模块：生成日志文件
[2019-09-26T09:36:32.572] [INFO] pipe - websocket模块：生成日志文件
[2019-09-26T09:37:22.165] [INFO] pipe - index模块：生成日志文件
[2019-09-26T09:37:22.175] [INFO] pipe - reg模块：生成日志文件
[2019-09-26T09:37:22.248] [INFO] pipe - login模块：生成日志文件
[2019-09-26T09:37:22.253] [INFO] pipe - userList模块：生成日志文件
[2019-09-26T09:37:22.318] [INFO] pipe - websocket模块：生成日志文件
[2019-09-26T09:46:00.277] [INFO] pipe - index模块：生成日志文件
[2019-09-26T09:46:00.287] [INFO] pipe - reg模块：生成日志文件
[2019-09-26T09:46:00.360] [INFO] pipe - login模块：生成日志文件
[2019-09-26T09:46:00.369] [INFO] pipe - userList模块：生成日志文件
[2019-09-26T09:46:00.435] [INFO] pipe - websocket模块：生成日志文件
[2019-09-26T09:53:14.038] [INFO] pipe - index模块：生成日志文件
[2019-09-26T09:53:14.049] [INFO] pipe - reg模块：生成日志文件
[2019-09-26T09:53:14.122] [INFO] pipe - login模块：生成日志文件
[2019-09-26T09:53:14.129] [INFO] pipe - userList模块：生成日志文件
[2019-09-26T09:53:14.198] [INFO] pipe - websocket模块：生成日志文件
[2019-09-26T10:08:18.004] [INFO] pipe - index模块：生成日志文件
[2019-09-26T10:08:18.014] [INFO] pipe - reg模块：生成日志文件
[2019-09-26T10:08:18.084] [INFO] pipe - login模块：生成日志文件
[2019-09-26T10:08:18.086] [INFO] pipe - userList模块：生成日志文件
[2019-09-26T10:08:18.156] [INFO] pipe - websocket模块：生成日志文件
[2019-09-26T10:15:31.460] [INFO] pipe - index模块：生成日志文件
[2019-09-26T10:15:31.470] [INFO] pipe - reg模块：生成日志文件
[2019-09-26T10:15:31.551] [INFO] pipe - login模块：生成日志文件
[2019-09-26T10:15:31.552] [INFO] pipe - userList模块：生成日志文件
[2019-09-26T10:15:31.623] [INFO] pipe - websocket模块：生成日志文件
[2019-09-26T10:23:17.991] [INFO] pipe - index模块：生成日志文件
[2019-09-26T10:23:18.001] [INFO] pipe - reg模块：生成日志文件
[2019-09-26T10:23:18.076] [INFO] pipe - login模块：生成日志文件
[2019-09-26T10:23:18.077] [INFO] pipe - userList模块：生成日志文件
[2019-09-26T10:23:18.143] [INFO] pipe - websocket模块：生成日志文件
[2019-09-26T10:38:24.464] [INFO] pipe - index模块：生成日志文件
[2019-09-26T10:38:24.473] [INFO] pipe - reg模块：生成日志文件
[2019-09-26T10:38:24.543] [INFO] pipe - login模块：生成日志文件
[2019-09-26T10:38:24.545] [INFO] pipe - userList模块：生成日志文件
[2019-09-26T10:38:24.611] [INFO] pipe - websocket模块：生成日志文件
[2019-09-26T10:44:44.881] [INFO] pipe - index模块：生成日志文件
[2019-09-26T10:44:44.891] [INFO] pipe - reg模块：生成日志文件
[2019-09-26T10:44:44.974] [INFO] pipe - login模块：生成日志文件
[2019-09-26T10:44:44.975] [INFO] pipe - userList模块：生成日志文件
[2019-09-26T10:44:45.044] [INFO] pipe - websocket模块：生成日志文件
[2019-09-26T10:55:43.452] [INFO] pipe - index模块：生成日志文件
[2019-09-26T10:55:43.460] [INFO] pipe - reg模块：生成日志文件
[2019-09-26T10:55:43.531] [INFO] pipe - login模块：生成日志文件
[2019-09-26T10:55:43.533] [INFO] pipe - userList模块：生成日志文件
[2019-09-26T10:55:43.599] [INFO] pipe - websocket模块：生成日志文件
[2019-09-26T15:12:01.033] [INFO] pipe - index模块：生成日志文件
[2019-09-26T15:12:01.043] [INFO] pipe - reg模块：生成日志文件
[2019-09-26T15:12:01.115] [INFO] pipe - login模块：生成日志文件
[2019-09-26T15:12:01.118] [INFO] pipe - userList模块：生成日志文件
[2019-09-26T15:12:01.187] [INFO] pipe - websocket模块：生成日志文件
[2019-09-26T15:13:18.447] [INFO] pipe - index模块：生成日志文件
[2019-09-26T15:13:18.456] [INFO] pipe - reg模块：生成日志文件
[2019-09-26T15:13:18.528] [INFO] pipe - login模块：生成日志文件
[2019-09-26T15:13:18.530] [INFO] pipe - userList模块：生成日志文件
[2019-09-26T15:13:18.595] [INFO] pipe - websocket模块：生成日志文件
[2019-09-26T15:14:39.968] [INFO] pipe - index模块：生成日志文件
[2019-09-26T15:14:39.977] [INFO] pipe - reg模块：生成日志文件
[2019-09-26T15:14:40.050] [INFO] pipe - login模块：生成日志文件
[2019-09-26T15:14:40.053] [INFO] pipe - userList模块：生成日志文件
[2019-09-26T15:14:40.123] [INFO] pipe - websocket模块：生成日志文件
[2019-09-26T15:18:56.261] [INFO] pipe - index模块：生成日志文件
[2019-09-26T15:18:56.269] [INFO] pipe - reg模块：生成日志文件
[2019-09-26T15:18:56.339] [INFO] pipe - login模块：生成日志文件
[2019-09-26T15:18:56.341] [INFO] pipe - userList模块：生成日志文件
[2019-09-26T15:18:56.409] [INFO] pipe - websocket模块：生成日志文件
[2019-09-26T15:57:24.175] [INFO] pipe - index模块：生成日志文件
[2019-09-26T15:57:24.187] [INFO] pipe - reg模块：生成日志文件
[2019-09-26T15:57:24.270] [INFO] pipe - login模块：生成日志文件
[2019-09-26T15:57:24.272] [INFO] pipe - userList模块：生成日志文件
[2019-09-26T15:57:24.343] [INFO] pipe - websocket模块：生成日志文件
[2019-09-26T16:00:45.666] [INFO] pipe - index模块：生成日志文件
[2019-09-26T16:00:45.676] [INFO] pipe - reg模块：生成日志文件
[2019-09-26T16:00:45.748] [INFO] pipe - login模块：生成日志文件
[2019-09-26T16:00:45.750] [INFO] pipe - userList模块：生成日志文件
[2019-09-26T16:00:45.818] [INFO] pipe - websocket模块：生成日志文件
[2019-09-26T16:02:15.191] [INFO] pipe - index模块：生成日志文件
[2019-09-26T16:02:15.200] [INFO] pipe - reg模块：生成日志文件
[2019-09-26T16:02:15.275] [INFO] pipe - login模块：生成日志文件
[2019-09-26T16:02:15.278] [INFO] pipe - userList模块：生成日志文件
[2019-09-26T16:02:15.343] [INFO] pipe - websocket模块：生成日志文件
[2019-09-26T16:03:19.213] [INFO] pipe - index模块：生成日志文件
[2019-09-26T16:03:19.222] [INFO] pipe - reg模块：生成日志文件
[2019-09-26T16:03:19.292] [INFO] pipe - login模块：生成日志文件
[2019-09-26T16:03:19.294] [INFO] pipe - userList模块：生成日志文件
[2019-09-26T16:03:19.361] [INFO] pipe - websocket模块：生成日志文件
[2019-09-26T16:05:14.998] [INFO] pipe - index模块：生成日志文件
[2019-09-26T16:05:15.006] [INFO] pipe - reg模块：生成日志文件
[2019-09-26T16:05:15.078] [INFO] pipe - login模块：生成日志文件
[2019-09-26T16:05:15.080] [INFO] pipe - userList模块：生成日志文件
[2019-09-26T16:05:15.145] [INFO] pipe - websocket模块：生成日志文件
[2019-09-26T16:09:00.733] [INFO] pipe - index模块：生成日志文件
[2019-09-26T16:09:00.743] [INFO] pipe - reg模块：生成日志文件
[2019-09-26T16:09:00.813] [INFO] pipe - login模块：生成日志文件
[2019-09-26T16:09:00.816] [INFO] pipe - userList模块：生成日志文件
[2019-09-26T16:09:00.883] [INFO] pipe - websocket模块：生成日志文件
[2019-09-26T16:13:40.973] [INFO] pipe - index模块：生成日志文件
[2019-09-26T16:13:40.982] [INFO] pipe - reg模块：生成日志文件
[2019-09-26T16:13:41.053] [INFO] pipe - login模块：生成日志文件
[2019-09-26T16:13:41.055] [INFO] pipe - userList模块：生成日志文件
[2019-09-26T16:13:41.121] [INFO] pipe - websocket模块：生成日志文件
[2019-09-26T16:17:48.293] [INFO] pipe - index模块：生成日志文件
[2019-09-26T16:17:48.303] [INFO] pipe - reg模块：生成日志文件
[2019-09-26T16:17:48.376] [INFO] pipe - login模块：生成日志文件
[2019-09-26T16:17:48.379] [INFO] pipe - userList模块：生成日志文件
[2019-09-26T16:17:48.447] [INFO] pipe - websocket模块：生成日志文件
[2019-09-26T16:20:22.517] [INFO] pipe - index模块：生成日志文件
[2019-09-26T16:20:22.526] [INFO] pipe - reg模块：生成日志文件
[2019-09-26T16:20:22.598] [INFO] pipe - login模块：生成日志文件
[2019-09-26T16:20:22.600] [INFO] pipe - userList模块：生成日志文件
[2019-09-26T16:20:22.666] [INFO] pipe - websocket模块：生成日志文件
[2019-09-26T16:23:26.299] [INFO] pipe - index模块：生成日志文件
[2019-09-26T16:23:26.308] [INFO] pipe - reg模块：生成日志文件
[2019-09-26T16:23:26.378] [INFO] pipe - login模块：生成日志文件
[2019-09-26T16:23:26.380] [INFO] pipe - userList模块：生成日志文件
[2019-09-26T16:23:26.459] [INFO] pipe - websocket模块：生成日志文件
[2019-09-26T16:36:31.578] [INFO] pipe - index模块：生成日志文件
[2019-09-26T16:36:31.587] [INFO] pipe - reg模块：生成日志文件
[2019-09-26T16:36:31.663] [INFO] pipe - login模块：生成日志文件
[2019-09-26T16:36:31.665] [INFO] pipe - userList模块：生成日志文件
[2019-09-26T16:36:31.734] [INFO] pipe - websocket模块：生成日志文件
[2019-09-26T16:37:51.131] [INFO] pipe - index模块：生成日志文件
[2019-09-26T16:37:51.142] [INFO] pipe - reg模块：生成日志文件
[2019-09-26T16:37:51.220] [INFO] pipe - login模块：生成日志文件
[2019-09-26T16:37:51.222] [INFO] pipe - userList模块：生成日志文件
[2019-09-26T16:37:51.297] [INFO] pipe - websocket模块：生成日志文件
[2019-09-26T17:01:40.262] [INFO] pipe - index模块：生成日志文件
[2019-09-26T17:01:40.271] [INFO] pipe - reg模块：生成日志文件
[2019-09-26T17:01:40.342] [INFO] pipe - login模块：生成日志文件
[2019-09-26T17:01:40.344] [INFO] pipe - userList模块：生成日志文件
[2019-09-26T17:01:40.411] [INFO] pipe - websocket模块：生成日志文件
[2019-09-26T17:03:44.721] [INFO] pipe - index模块：生成日志文件
[2019-09-26T17:03:44.730] [INFO] pipe - reg模块：生成日志文件
[2019-09-26T17:03:44.803] [INFO] pipe - login模块：生成日志文件
[2019-09-26T17:03:44.804] [INFO] pipe - userList模块：生成日志文件
[2019-09-26T17:03:44.871] [INFO] pipe - websocket模块：生成日志文件
[2019-09-26T17:07:13.767] [INFO] pipe - index模块：生成日志文件
[2019-09-26T17:07:13.776] [INFO] pipe - reg模块：生成日志文件
[2019-09-26T17:07:13.849] [INFO] pipe - login模块：生成日志文件
[2019-09-26T17:07:13.851] [INFO] pipe - userList模块：生成日志文件
[2019-09-26T17:07:13.919] [INFO] pipe - websocket模块：生成日志文件
[2019-09-26T17:10:10.980] [INFO] pipe - index模块：生成日志文件
[2019-09-26T17:10:10.989] [INFO] pipe - reg模块：生成日志文件
[2019-09-26T17:10:11.061] [INFO] pipe - login模块：生成日志文件
[2019-09-26T17:10:11.063] [INFO] pipe - userList模块：生成日志文件
[2019-09-26T17:10:11.138] [INFO] pipe - websocket模块：生成日志文件
[2019-09-26T17:11:19.548] [INFO] pipe - index模块：生成日志文件
[2019-09-26T17:11:19.557] [INFO] pipe - reg模块：生成日志文件
[2019-09-26T17:11:19.628] [INFO] pipe - login模块：生成日志文件
[2019-09-26T17:11:19.630] [INFO] pipe - userList模块：生成日志文件
[2019-09-26T17:11:19.697] [INFO] pipe - websocket模块：生成日志文件
[2019-09-26T17:12:46.201] [INFO] pipe - index模块：生成日志文件
[2019-09-26T17:12:46.210] [INFO] pipe - reg模块：生成日志文件
[2019-09-26T17:12:46.282] [INFO] pipe - login模块：生成日志文件
[2019-09-26T17:12:46.284] [INFO] pipe - userList模块：生成日志文件
[2019-09-26T17:12:46.351] [INFO] pipe - websocket模块：生成日志文件
[2019-09-26T17:14:30.449] [INFO] pipe - index模块：生成日志文件
[2019-09-26T17:14:30.461] [INFO] pipe - reg模块：生成日志文件
[2019-09-26T17:14:30.532] [INFO] pipe - login模块：生成日志文件
[2019-09-26T17:14:30.534] [INFO] pipe - userList模块：生成日志文件
[2019-09-26T17:14:30.601] [INFO] pipe - websocket模块：生成日志文件
[2019-09-26T17:15:01.707] [INFO] pipe - index模块：生成日志文件
[2019-09-26T17:15:01.717] [INFO] pipe - reg模块：生成日志文件
[2019-09-26T17:15:01.789] [INFO] pipe - login模块：生成日志文件
[2019-09-26T17:15:01.791] [INFO] pipe - userList模块：生成日志文件
[2019-09-26T17:15:01.861] [INFO] pipe - websocket模块：生成日志文件
[2019-09-26T17:17:16.715] [INFO] pipe - index模块：生成日志文件
[2019-09-26T17:17:16.725] [INFO] pipe - reg模块：生成日志文件
[2019-09-26T17:17:16.797] [INFO] pipe - login模块：生成日志文件
[2019-09-26T17:17:16.799] [INFO] pipe - userList模块：生成日志文件
[2019-09-26T17:17:16.865] [INFO] pipe - websocket模块：生成日志文件
[2019-09-26T17:20:11.171] [INFO] pipe - index模块：生成日志文件
[2019-09-26T17:20:11.180] [INFO] pipe - reg模块：生成日志文件
[2019-09-26T17:20:11.255] [INFO] pipe - login模块：生成日志文件
[2019-09-26T17:20:11.256] [INFO] pipe - userList模块：生成日志文件
[2019-09-26T17:20:11.327] [INFO] pipe - websocket模块：生成日志文件
[2019-09-26T18:12:55.455] [INFO] pipe - index模块：生成日志文件
[2019-09-26T18:12:55.464] [INFO] pipe - reg模块：生成日志文件
[2019-09-26T18:12:55.566] [INFO] pipe - login模块：生成日志文件
[2019-09-26T18:12:55.567] [INFO] pipe - userList模块：生成日志文件
[2019-09-26T18:12:55.632] [INFO] pipe - websocket模块：生成日志文件
[2019-09-26T19:18:00.018] [INFO] pipe - index模块：生成日志文件
[2019-09-26T19:18:00.028] [INFO] pipe - reg模块：生成日志文件
[2019-09-26T19:18:00.128] [INFO] pipe - login模块：生成日志文件
[2019-09-26T19:18:00.129] [INFO] pipe - userList模块：生成日志文件
[2019-09-26T19:18:00.195] [INFO] pipe - websocket模块：生成日志文件
[2019-09-26T19:21:59.644] [INFO] pipe - index模块：生成日志文件
[2019-09-26T19:21:59.657] [INFO] pipe - reg模块：生成日志文件
[2019-09-26T19:21:59.798] [INFO] pipe - login模块：生成日志文件
[2019-09-26T19:21:59.800] [INFO] pipe - userList模块：生成日志文件
[2019-09-26T19:21:59.877] [INFO] pipe - websocket模块：生成日志文件
[2019-09-26T19:23:06.168] [INFO] pipe - index模块：生成日志文件
[2019-09-26T19:23:06.179] [INFO] pipe - reg模块：生成日志文件
[2019-09-26T19:23:06.292] [INFO] pipe - login模块：生成日志文件
[2019-09-26T19:23:06.293] [INFO] pipe - userList模块：生成日志文件
[2019-09-26T19:23:06.361] [INFO] pipe - websocket模块：生成日志文件
[2019-09-26T19:31:31.540] [INFO] pipe - index模块：生成日志文件
[2019-09-26T19:31:31.549] [INFO] pipe - reg模块：生成日志文件
[2019-09-26T19:31:31.660] [INFO] pipe - login模块：生成日志文件
[2019-09-26T19:31:31.661] [INFO] pipe - userList模块：生成日志文件
[2019-09-26T19:31:31.731] [INFO] pipe - websocket模块：生成日志文件
[2019-09-26T19:47:24.396] [INFO] pipe - index模块：生成日志文件
[2019-09-26T19:47:24.405] [INFO] pipe - reg模块：生成日志文件
[2019-09-26T19:47:24.509] [INFO] pipe - login模块：生成日志文件
[2019-09-26T19:47:24.510] [INFO] pipe - userList模块：生成日志文件
[2019-09-26T19:47:24.577] [INFO] pipe - websocket模块：生成日志文件
[2019-09-26T19:50:00.087] [INFO] pipe - index模块：生成日志文件
[2019-09-26T19:50:00.097] [INFO] pipe - reg模块：生成日志文件
[2019-09-26T19:50:00.199] [INFO] pipe - login模块：生成日志文件
[2019-09-26T19:50:00.200] [INFO] pipe - userList模块：生成日志文件
[2019-09-26T19:50:00.269] [INFO] pipe - websocket模块：生成日志文件
[2019-09-26T19:51:29.997] [INFO] pipe - index模块：生成日志文件
[2019-09-26T19:51:30.006] [INFO] pipe - reg模块：生成日志文件
[2019-09-26T19:51:30.110] [INFO] pipe - login模块：生成日志文件
[2019-09-26T19:51:30.111] [INFO] pipe - userList模块：生成日志文件
[2019-09-26T19:51:30.178] [INFO] pipe - websocket模块：生成日志文件
[2019-09-26T19:52:41.591] [INFO] pipe - index模块：生成日志文件
[2019-09-26T19:52:41.600] [INFO] pipe - reg模块：生成日志文件
[2019-09-26T19:52:41.703] [INFO] pipe - login模块：生成日志文件
[2019-09-26T19:52:41.704] [INFO] pipe - userList模块：生成日志文件
[2019-09-26T19:52:41.771] [INFO] pipe - websocket模块：生成日志文件
[2019-09-26T19:53:39.196] [INFO] pipe - index模块：生成日志文件
[2019-09-26T19:53:39.206] [INFO] pipe - reg模块：生成日志文件
[2019-09-26T19:53:39.311] [INFO] pipe - login模块：生成日志文件
[2019-09-26T19:53:39.313] [INFO] pipe - userList模块：生成日志文件
[2019-09-26T19:53:39.381] [INFO] pipe - websocket模块：生成日志文件
[2019-09-26T19:56:38.071] [INFO] pipe - index模块：生成日志文件
[2019-09-26T19:56:38.080] [INFO] pipe - reg模块：生成日志文件
[2019-09-26T19:56:38.188] [INFO] pipe - login模块：生成日志文件
[2019-09-26T19:56:38.189] [INFO] pipe - userList模块：生成日志文件
[2019-09-26T19:56:38.258] [INFO] pipe - websocket模块：生成日志文件
