[2019-09-21T11:43:36.925] [INFO] pipe - 生成日志文件
[2019-09-21T11:47:47.258] [INFO] pipe - index模块：生成日志文件
[2019-09-21T11:47:47.268] [INFO] pipe - reg模块：生成日志文件
[2019-09-21T11:47:47.344] [INFO] pipe - login模块：生成日志文件
[2019-09-21T11:47:47.346] [INFO] pipe - userList模块：生成日志文件
[2019-09-21T15:45:59.264] [INFO] pipe - index模块：生成日志文件
[2019-09-21T15:45:59.274] [INFO] pipe - reg模块：生成日志文件
[2019-09-21T15:45:59.350] [INFO] pipe - login模块：生成日志文件
[2019-09-21T15:45:59.353] [INFO] pipe - userList模块：生成日志文件
[2019-09-21T15:52:38.339] [INFO] pipe - index模块：生成日志文件
[2019-09-21T15:52:38.351] [INFO] pipe - reg模块：生成日志文件
[2019-09-21T15:52:38.423] [INFO] pipe - login模块：生成日志文件
[2019-09-21T15:52:38.425] [INFO] pipe - userList模块：生成日志文件
[2019-09-21T15:58:28.585] [INFO] pipe - index模块：生成日志文件
[2019-09-21T15:58:28.594] [INFO] pipe - reg模块：生成日志文件
[2019-09-21T15:58:28.672] [INFO] pipe - login模块：生成日志文件
[2019-09-21T15:58:28.674] [INFO] pipe - userList模块：生成日志文件
[2019-09-21T16:04:47.210] [INFO] pipe - index模块：生成日志文件
[2019-09-21T16:04:47.223] [INFO] pipe - reg模块：生成日志文件
[2019-09-21T16:04:47.306] [INFO] pipe - login模块：生成日志文件
[2019-09-21T16:04:47.308] [INFO] pipe - userList模块：生成日志文件
[2019-09-21T16:06:39.985] [INFO] pipe - index模块：生成日志文件
[2019-09-21T16:06:39.994] [INFO] pipe - reg模块：生成日志文件
[2019-09-21T16:06:40.067] [INFO] pipe - login模块：生成日志文件
[2019-09-21T16:06:40.068] [INFO] pipe - userList模块：生成日志文件
[2019-09-21T16:19:35.807] [INFO] pipe - index模块：生成日志文件
[2019-09-21T16:19:35.817] [INFO] pipe - reg模块：生成日志文件
[2019-09-21T16:19:35.890] [INFO] pipe - login模块：生成日志文件
[2019-09-21T16:19:35.892] [INFO] pipe - userList模块：生成日志文件
[2019-09-21T16:22:59.694] [INFO] pipe - index模块：生成日志文件
[2019-09-21T16:22:59.705] [INFO] pipe - reg模块：生成日志文件
[2019-09-21T16:22:59.776] [INFO] pipe - login模块：生成日志文件
[2019-09-21T16:22:59.777] [INFO] pipe - userList模块：生成日志文件
[2019-09-21T16:35:11.336] [INFO] pipe - index模块：生成日志文件
[2019-09-21T16:35:11.347] [INFO] pipe - reg模块：生成日志文件
[2019-09-21T16:35:11.417] [INFO] pipe - login模块：生成日志文件
[2019-09-21T16:35:11.420] [INFO] pipe - userList模块：生成日志文件
