[2019-09-25T09:06:59.739] [INFO] pipe - index模块：生成日志文件
[2019-09-25T09:06:59.874] [INFO] pipe - reg模块：生成日志文件
[2019-09-25T09:07:00.301] [INFO] pipe - login模块：生成日志文件
[2019-09-25T09:07:00.315] [INFO] pipe - userList模块：生成日志文件
[2019-09-25T09:07:00.337] [INFO] pipe - websocket模块：生成日志文件
[2019-09-25T10:44:16.712] [INFO] pipe - index模块：生成日志文件
[2019-09-25T10:44:16.723] [INFO] pipe - reg模块：生成日志文件
[2019-09-25T10:44:16.801] [INFO] pipe - login模块：生成日志文件
[2019-09-25T10:44:16.803] [INFO] pipe - userList模块：生成日志文件
[2019-09-25T10:44:16.804] [INFO] pipe - websocket模块：生成日志文件
[2019-09-25T10:56:07.067] [INFO] pipe - index模块：生成日志文件
[2019-09-25T10:56:07.077] [INFO] pipe - reg模块：生成日志文件
[2019-09-25T10:56:07.147] [INFO] pipe - login模块：生成日志文件
[2019-09-25T10:56:07.149] [INFO] pipe - userList模块：生成日志文件
[2019-09-25T10:56:07.215] [INFO] pipe - websocket模块：生成日志文件
[2019-09-25T11:01:47.083] [INFO] pipe - index模块：生成日志文件
[2019-09-25T11:01:47.093] [INFO] pipe - reg模块：生成日志文件
[2019-09-25T11:01:47.165] [INFO] pipe - login模块：生成日志文件
[2019-09-25T11:01:47.167] [INFO] pipe - userList模块：生成日志文件
[2019-09-25T11:01:47.235] [INFO] pipe - websocket模块：生成日志文件
[2019-09-25T11:04:10.056] [INFO] pipe - index模块：生成日志文件
[2019-09-25T11:04:10.066] [INFO] pipe - reg模块：生成日志文件
[2019-09-25T11:04:10.136] [INFO] pipe - login模块：生成日志文件
[2019-09-25T11:04:10.138] [INFO] pipe - userList模块：生成日志文件
[2019-09-25T11:04:10.212] [INFO] pipe - websocket模块：生成日志文件
[2019-09-25T11:04:51.914] [INFO] pipe - index模块：生成日志文件
[2019-09-25T11:04:51.924] [INFO] pipe - reg模块：生成日志文件
[2019-09-25T11:04:51.996] [INFO] pipe - login模块：生成日志文件
[2019-09-25T11:04:51.998] [INFO] pipe - userList模块：生成日志文件
[2019-09-25T11:04:52.065] [INFO] pipe - websocket模块：生成日志文件
[2019-09-25T11:10:14.609] [INFO] pipe - index模块：生成日志文件
[2019-09-25T11:10:14.619] [INFO] pipe - reg模块：生成日志文件
[2019-09-25T11:10:14.690] [INFO] pipe - login模块：生成日志文件
[2019-09-25T11:10:14.692] [INFO] pipe - userList模块：生成日志文件
[2019-09-25T11:10:14.760] [INFO] pipe - websocket模块：生成日志文件
[2019-09-25T11:12:54.425] [INFO] pipe - index模块：生成日志文件
[2019-09-25T11:12:54.435] [INFO] pipe - reg模块：生成日志文件
[2019-09-25T11:12:54.506] [INFO] pipe - login模块：生成日志文件
[2019-09-25T11:12:54.508] [INFO] pipe - userList模块：生成日志文件
[2019-09-25T11:12:54.577] [INFO] pipe - websocket模块：生成日志文件
[2019-09-25T11:14:53.446] [INFO] pipe - index模块：生成日志文件
[2019-09-25T11:14:53.456] [INFO] pipe - reg模块：生成日志文件
[2019-09-25T11:14:53.526] [INFO] pipe - login模块：生成日志文件
[2019-09-25T11:14:53.529] [INFO] pipe - userList模块：生成日志文件
[2019-09-25T11:14:53.596] [INFO] pipe - websocket模块：生成日志文件
[2019-09-25T11:22:19.812] [INFO] pipe - index模块：生成日志文件
[2019-09-25T11:22:19.823] [INFO] pipe - reg模块：生成日志文件
[2019-09-25T11:22:19.894] [INFO] pipe - login模块：生成日志文件
[2019-09-25T11:22:19.896] [INFO] pipe - userList模块：生成日志文件
[2019-09-25T11:22:19.963] [INFO] pipe - websocket模块：生成日志文件
[2019-09-25T11:25:02.603] [INFO] pipe - index模块：生成日志文件
[2019-09-25T11:25:02.613] [INFO] pipe - reg模块：生成日志文件
[2019-09-25T11:25:02.683] [INFO] pipe - login模块：生成日志文件
[2019-09-25T11:25:02.685] [INFO] pipe - userList模块：生成日志文件
[2019-09-25T11:25:02.751] [INFO] pipe - websocket模块：生成日志文件
[2019-09-25T14:50:36.611] [INFO] pipe - index模块：生成日志文件
[2019-09-25T14:50:36.620] [INFO] pipe - reg模块：生成日志文件
[2019-09-25T14:50:36.692] [INFO] pipe - login模块：生成日志文件
[2019-09-25T14:50:36.694] [INFO] pipe - userList模块：生成日志文件
[2019-09-25T14:50:36.760] [INFO] pipe - websocket模块：生成日志文件
[2019-09-25T14:52:48.050] [INFO] pipe - index模块：生成日志文件
[2019-09-25T14:52:48.060] [INFO] pipe - reg模块：生成日志文件
[2019-09-25T14:52:48.130] [INFO] pipe - login模块：生成日志文件
[2019-09-25T14:52:48.132] [INFO] pipe - userList模块：生成日志文件
[2019-09-25T14:52:48.198] [INFO] pipe - websocket模块：生成日志文件
[2019-09-25T14:53:26.519] [INFO] pipe - index模块：生成日志文件
[2019-09-25T14:53:26.529] [INFO] pipe - reg模块：生成日志文件
[2019-09-25T14:53:26.603] [INFO] pipe - login模块：生成日志文件
[2019-09-25T14:53:26.605] [INFO] pipe - userList模块：生成日志文件
[2019-09-25T14:53:26.672] [INFO] pipe - websocket模块：生成日志文件
[2019-09-25T14:54:12.614] [INFO] pipe - index模块：生成日志文件
[2019-09-25T14:54:12.624] [INFO] pipe - reg模块：生成日志文件
[2019-09-25T14:54:12.694] [INFO] pipe - login模块：生成日志文件
[2019-09-25T14:54:12.696] [INFO] pipe - userList模块：生成日志文件
[2019-09-25T14:54:12.763] [INFO] pipe - websocket模块：生成日志文件
[2019-09-25T14:54:34.623] [INFO] pipe - index模块：生成日志文件
[2019-09-25T14:54:34.632] [INFO] pipe - reg模块：生成日志文件
[2019-09-25T14:54:34.705] [INFO] pipe - login模块：生成日志文件
[2019-09-25T14:54:34.708] [INFO] pipe - userList模块：生成日志文件
[2019-09-25T14:54:34.775] [INFO] pipe - websocket模块：生成日志文件
[2019-09-25T15:00:20.931] [INFO] pipe - index模块：生成日志文件
[2019-09-25T15:00:20.941] [INFO] pipe - reg模块：生成日志文件
[2019-09-25T15:00:21.015] [INFO] pipe - login模块：生成日志文件
[2019-09-25T15:00:21.018] [INFO] pipe - userList模块：生成日志文件
[2019-09-25T15:00:21.084] [INFO] pipe - websocket模块：生成日志文件
[2019-09-25T15:09:56.134] [INFO] pipe - index模块：生成日志文件
[2019-09-25T15:09:56.146] [INFO] pipe - reg模块：生成日志文件
[2019-09-25T15:09:56.220] [INFO] pipe - login模块：生成日志文件
[2019-09-25T15:09:56.223] [INFO] pipe - userList模块：生成日志文件
[2019-09-25T15:09:56.290] [INFO] pipe - websocket模块：生成日志文件
[2019-09-25T15:20:14.107] [INFO] pipe - index模块：生成日志文件
[2019-09-25T15:20:14.117] [INFO] pipe - reg模块：生成日志文件
[2019-09-25T15:20:14.194] [INFO] pipe - login模块：生成日志文件
[2019-09-25T15:20:14.196] [INFO] pipe - userList模块：生成日志文件
[2019-09-25T15:20:14.271] [INFO] pipe - websocket模块：生成日志文件
[2019-09-25T15:22:46.970] [INFO] pipe - index模块：生成日志文件
[2019-09-25T15:22:46.980] [INFO] pipe - reg模块：生成日志文件
[2019-09-25T15:22:47.050] [INFO] pipe - login模块：生成日志文件
[2019-09-25T15:22:47.053] [INFO] pipe - userList模块：生成日志文件
[2019-09-25T15:22:47.120] [INFO] pipe - websocket模块：生成日志文件
[2019-09-25T16:07:15.809] [INFO] pipe - index模块：生成日志文件
[2019-09-25T16:07:15.819] [INFO] pipe - reg模块：生成日志文件
[2019-09-25T16:07:15.895] [INFO] pipe - login模块：生成日志文件
[2019-09-25T16:07:15.897] [INFO] pipe - userList模块：生成日志文件
[2019-09-25T16:07:15.965] [INFO] pipe - websocket模块：生成日志文件
[2019-09-25T16:32:43.624] [INFO] pipe - index模块：生成日志文件
[2019-09-25T16:32:43.635] [INFO] pipe - reg模块：生成日志文件
[2019-09-25T16:32:43.709] [INFO] pipe - login模块：生成日志文件
[2019-09-25T16:32:43.711] [INFO] pipe - userList模块：生成日志文件
[2019-09-25T16:32:43.782] [INFO] pipe - websocket模块：生成日志文件
[2019-09-25T17:38:03.206] [INFO] pipe - index模块：生成日志文件
[2019-09-25T17:38:03.216] [INFO] pipe - reg模块：生成日志文件
[2019-09-25T17:38:03.295] [INFO] pipe - login模块：生成日志文件
[2019-09-25T17:38:03.298] [INFO] pipe - userList模块：生成日志文件
[2019-09-25T17:38:03.369] [INFO] pipe - websocket模块：生成日志文件
[2019-09-25T17:39:44.840] [INFO] pipe - index模块：生成日志文件
[2019-09-25T17:39:44.850] [INFO] pipe - reg模块：生成日志文件
[2019-09-25T17:39:44.922] [INFO] pipe - login模块：生成日志文件
[2019-09-25T17:39:44.925] [INFO] pipe - userList模块：生成日志文件
[2019-09-25T17:39:44.994] [INFO] pipe - websocket模块：生成日志文件
[2019-09-25T19:47:49.632] [INFO] pipe - index模块：生成日志文件
[2019-09-25T19:47:49.641] [INFO] pipe - reg模块：生成日志文件
[2019-09-25T19:47:49.727] [INFO] pipe - login模块：生成日志文件
[2019-09-25T19:47:49.729] [INFO] pipe - userList模块：生成日志文件
[2019-09-25T19:47:49.797] [INFO] pipe - websocket模块：生成日志文件
[2019-09-25T19:50:26.186] [INFO] pipe - index模块：生成日志文件
[2019-09-25T19:50:26.196] [INFO] pipe - reg模块：生成日志文件
[2019-09-25T19:50:26.270] [INFO] pipe - login模块：生成日志文件
[2019-09-25T19:50:26.272] [INFO] pipe - userList模块：生成日志文件
[2019-09-25T19:50:26.340] [INFO] pipe - websocket模块：生成日志文件
