[2019-09-24T10:33:16.246] [INFO] pipe - index模块：生成日志文件
[2019-09-24T10:33:16.317] [INFO] pipe - reg模块：生成日志文件
[2019-09-24T10:33:16.532] [INFO] pipe - login模块：生成日志文件
[2019-09-24T10:33:16.536] [INFO] pipe - userList模块：生成日志文件
[2019-09-24T10:49:49.026] [INFO] pipe - index模块：生成日志文件
[2019-09-24T10:49:49.037] [INFO] pipe - reg模块：生成日志文件
[2019-09-24T10:49:49.108] [INFO] pipe - login模块：生成日志文件
[2019-09-24T10:49:49.110] [INFO] pipe - userList模块：生成日志文件
[2019-09-24T10:49:49.111] [INFO] pipe - websocket模块：生成日志文件
[2019-09-24T10:53:52.544] [INFO] pipe - index模块：生成日志文件
[2019-09-24T10:53:52.556] [INFO] pipe - reg模块：生成日志文件
[2019-09-24T10:53:52.627] [INFO] pipe - login模块：生成日志文件
[2019-09-24T10:53:52.629] [INFO] pipe - userList模块：生成日志文件
[2019-09-24T10:53:52.630] [INFO] pipe - websocket模块：生成日志文件
[2019-09-24T19:09:52.765] [INFO] pipe - index模块：生成日志文件
[2019-09-24T19:09:52.778] [INFO] pipe - reg模块：生成日志文件
[2019-09-24T19:09:52.861] [INFO] pipe - login模块：生成日志文件
[2019-09-24T19:09:52.863] [INFO] pipe - userList模块：生成日志文件
[2019-09-24T19:09:52.864] [INFO] pipe - websocket模块：生成日志文件
[2019-09-24T19:15:04.504] [INFO] pipe - index模块：生成日志文件
[2019-09-24T19:15:04.515] [INFO] pipe - reg模块：生成日志文件
[2019-09-24T19:15:04.598] [INFO] pipe - login模块：生成日志文件
[2019-09-24T19:15:04.600] [INFO] pipe - userList模块：生成日志文件
[2019-09-24T19:15:04.601] [INFO] pipe - websocket模块：生成日志文件
[2019-09-24T19:32:52.579] [INFO] pipe - index模块：生成日志文件
[2019-09-24T19:32:52.589] [INFO] pipe - reg模块：生成日志文件
[2019-09-24T19:32:52.662] [INFO] pipe - login模块：生成日志文件
[2019-09-24T19:32:52.664] [INFO] pipe - userList模块：生成日志文件
[2019-09-24T19:32:52.665] [INFO] pipe - websocket模块：生成日志文件
[2019-09-24T19:36:06.261] [INFO] pipe - index模块：生成日志文件
[2019-09-24T19:36:06.272] [INFO] pipe - reg模块：生成日志文件
[2019-09-24T19:36:06.344] [INFO] pipe - login模块：生成日志文件
[2019-09-24T19:36:06.347] [INFO] pipe - userList模块：生成日志文件
[2019-09-24T19:36:06.348] [INFO] pipe - websocket模块：生成日志文件
