[2019-09-29T09:09:15.041] [INFO] pipe - index模块：生成日志文件
[2019-09-29T09:09:15.208] [INFO] pipe - reg模块：生成日志文件
[2019-09-29T09:09:15.841] [INFO] pipe - login模块：生成日志文件
[2019-09-29T09:09:15.883] [INFO] pipe - userList模块：生成日志文件
[2019-09-29T09:09:16.388] [INFO] pipe - websocket模块：生成日志文件
[2019-09-29T09:57:14.069] [INFO] pipe - index模块：生成日志文件
[2019-09-29T09:57:14.078] [INFO] pipe - reg模块：生成日志文件
[2019-09-29T09:57:14.176] [INFO] pipe - login模块：生成日志文件
[2019-09-29T09:57:14.179] [INFO] pipe - userList模块：生成日志文件
[2019-09-29T09:57:14.244] [INFO] pipe - websocket模块：生成日志文件
[2019-09-29T09:58:32.113] [INFO] pipe - index模块：生成日志文件
[2019-09-29T09:58:32.122] [INFO] pipe - reg模块：生成日志文件
[2019-09-29T09:58:32.222] [INFO] pipe - login模块：生成日志文件
[2019-09-29T09:58:32.223] [INFO] pipe - userList模块：生成日志文件
[2019-09-29T09:58:32.289] [INFO] pipe - websocket模块：生成日志文件
[2019-09-29T10:09:06.624] [INFO] pipe - index模块：生成日志文件
[2019-09-29T10:09:06.632] [INFO] pipe - reg模块：生成日志文件
[2019-09-29T10:09:06.734] [INFO] pipe - login模块：生成日志文件
[2019-09-29T10:09:06.735] [INFO] pipe - userList模块：生成日志文件
[2019-09-29T10:09:06.800] [INFO] pipe - websocket模块：生成日志文件
[2019-09-29T14:10:12.953] [INFO] pipe - index模块：生成日志文件
[2019-09-29T14:10:12.962] [INFO] pipe - reg模块：生成日志文件
[2019-09-29T14:10:13.066] [INFO] pipe - login模块：生成日志文件
[2019-09-29T14:10:13.067] [INFO] pipe - userList模块：生成日志文件
[2019-09-29T14:10:13.134] [INFO] pipe - websocket模块：生成日志文件
[2019-09-29T14:20:22.687] [INFO] pipe - index模块：生成日志文件
[2019-09-29T14:20:22.696] [INFO] pipe - reg模块：生成日志文件
[2019-09-29T14:20:22.796] [INFO] pipe - login模块：生成日志文件
[2019-09-29T14:20:22.797] [INFO] pipe - userList模块：生成日志文件
[2019-09-29T14:20:22.864] [INFO] pipe - websocket模块：生成日志文件
[2019-09-29T14:22:49.882] [INFO] pipe - index模块：生成日志文件
[2019-09-29T14:22:49.891] [INFO] pipe - reg模块：生成日志文件
[2019-09-29T14:22:49.997] [INFO] pipe - login模块：生成日志文件
[2019-09-29T14:22:49.998] [INFO] pipe - userList模块：生成日志文件
[2019-09-29T14:22:50.064] [INFO] pipe - websocket模块：生成日志文件
[2019-09-29T14:24:55.254] [INFO] pipe - index模块：生成日志文件
[2019-09-29T14:24:55.264] [INFO] pipe - reg模块：生成日志文件
[2019-09-29T14:24:55.368] [INFO] pipe - login模块：生成日志文件
[2019-09-29T14:24:55.369] [INFO] pipe - userList模块：生成日志文件
[2019-09-29T14:24:55.436] [INFO] pipe - websocket模块：生成日志文件
[2019-09-29T14:44:56.379] [INFO] pipe - index模块：生成日志文件
[2019-09-29T14:44:56.389] [INFO] pipe - reg模块：生成日志文件
[2019-09-29T14:44:56.492] [INFO] pipe - login模块：生成日志文件
[2019-09-29T14:44:56.493] [INFO] pipe - userList模块：生成日志文件
[2019-09-29T14:44:56.559] [INFO] pipe - websocket模块：生成日志文件
[2019-09-29T15:06:13.036] [INFO] pipe - index模块：生成日志文件
[2019-09-29T15:06:13.045] [INFO] pipe - reg模块：生成日志文件
[2019-09-29T15:06:13.147] [INFO] pipe - login模块：生成日志文件
[2019-09-29T15:06:13.148] [INFO] pipe - userList模块：生成日志文件
[2019-09-29T15:06:13.213] [INFO] pipe - websocket模块：生成日志文件
[2019-09-29T16:20:13.053] [INFO] pipe - index模块：生成日志文件
[2019-09-29T16:20:13.063] [INFO] pipe - reg模块：生成日志文件
[2019-09-29T16:20:13.164] [INFO] pipe - login模块：生成日志文件
[2019-09-29T16:20:13.167] [INFO] pipe - userList模块：生成日志文件
[2019-09-29T16:20:13.231] [INFO] pipe - websocket模块：生成日志文件
[2019-09-29T18:06:09.885] [INFO] pipe - index模块：生成日志文件
[2019-09-29T18:06:09.894] [INFO] pipe - reg模块：生成日志文件
[2019-09-29T18:06:09.995] [INFO] pipe - login模块：生成日志文件
[2019-09-29T18:06:09.999] [INFO] pipe - userList模块：生成日志文件
[2019-09-29T18:06:10.065] [INFO] pipe - websocket模块：生成日志文件
[2019-09-29T18:06:11.002] [INFO] pipe - imageList模块：生成日志文件
[2019-09-29T18:42:03.021] [INFO] pipe - index模块：生成日志文件
[2019-09-29T18:42:03.031] [INFO] pipe - reg模块：生成日志文件
[2019-09-29T18:42:03.138] [INFO] pipe - login模块：生成日志文件
[2019-09-29T18:42:03.141] [INFO] pipe - userList模块：生成日志文件
[2019-09-29T18:42:03.211] [INFO] pipe - websocket模块：生成日志文件
[2019-09-29T18:42:03.288] [INFO] pipe - imageList模块：生成日志文件
[2019-09-29T18:44:37.268] [INFO] pipe - index模块：生成日志文件
[2019-09-29T18:44:37.277] [INFO] pipe - reg模块：生成日志文件
[2019-09-29T18:44:37.379] [INFO] pipe - login模块：生成日志文件
[2019-09-29T18:44:37.383] [INFO] pipe - userList模块：生成日志文件
[2019-09-29T18:44:37.449] [INFO] pipe - websocket模块：生成日志文件
[2019-09-29T18:44:37.591] [INFO] pipe - imageList模块：生成日志文件
[2019-09-29T18:46:48.756] [INFO] pipe - index模块：生成日志文件
[2019-09-29T18:46:48.765] [INFO] pipe - reg模块：生成日志文件
[2019-09-29T18:46:48.867] [INFO] pipe - login模块：生成日志文件
[2019-09-29T18:46:48.870] [INFO] pipe - userList模块：生成日志文件
[2019-09-29T18:46:48.937] [INFO] pipe - websocket模块：生成日志文件
[2019-09-29T18:46:48.987] [INFO] pipe - imageList模块：生成日志文件
[2019-09-29T18:47:58.791] [INFO] pipe - index模块：生成日志文件
[2019-09-29T18:47:58.801] [INFO] pipe - reg模块：生成日志文件
[2019-09-29T18:47:58.907] [INFO] pipe - login模块：生成日志文件
[2019-09-29T18:47:58.913] [INFO] pipe - userList模块：生成日志文件
[2019-09-29T18:47:58.978] [INFO] pipe - websocket模块：生成日志文件
[2019-09-29T18:47:59.023] [INFO] pipe - imageList模块：生成日志文件
[2019-09-29T18:50:48.781] [INFO] pipe - index模块：生成日志文件
[2019-09-29T18:50:48.790] [INFO] pipe - reg模块：生成日志文件
[2019-09-29T18:50:48.895] [INFO] pipe - login模块：生成日志文件
[2019-09-29T18:50:48.898] [INFO] pipe - userList模块：生成日志文件
[2019-09-29T18:50:48.965] [INFO] pipe - websocket模块：生成日志文件
[2019-09-29T18:50:49.012] [INFO] pipe - imageList模块：生成日志文件
