[2019-09-27T09:10:40.127] [INFO] pipe - index模块：生成日志文件
[2019-09-27T09:10:40.198] [INFO] pipe - reg模块：生成日志文件
[2019-09-27T09:10:40.558] [INFO] pipe - login模块：生成日志文件
[2019-09-27T09:10:40.567] [INFO] pipe - userList模块：生成日志文件
[2019-09-27T09:10:41.046] [INFO] pipe - websocket模块：生成日志文件
[2019-09-27T09:17:43.051] [INFO] pipe - index模块：生成日志文件
[2019-09-27T09:17:43.060] [INFO] pipe - reg模块：生成日志文件
[2019-09-27T09:17:43.167] [INFO] pipe - login模块：生成日志文件
[2019-09-27T09:17:43.169] [INFO] pipe - userList模块：生成日志文件
[2019-09-27T09:17:43.235] [INFO] pipe - websocket模块：生成日志文件
[2019-09-27T10:16:51.058] [INFO] pipe - index模块：生成日志文件
[2019-09-27T10:16:51.067] [INFO] pipe - reg模块：生成日志文件
[2019-09-27T10:16:51.172] [INFO] pipe - login模块：生成日志文件
[2019-09-27T10:16:51.173] [INFO] pipe - userList模块：生成日志文件
[2019-09-27T10:16:51.252] [INFO] pipe - websocket模块：生成日志文件
[2019-09-27T10:19:23.367] [INFO] pipe - index模块：生成日志文件
[2019-09-27T10:19:23.376] [INFO] pipe - reg模块：生成日志文件
[2019-09-27T10:19:23.477] [INFO] pipe - login模块：生成日志文件
[2019-09-27T10:19:23.478] [INFO] pipe - userList模块：生成日志文件
[2019-09-27T10:19:23.542] [INFO] pipe - websocket模块：生成日志文件
[2019-09-27T10:20:29.707] [INFO] pipe - index模块：生成日志文件
[2019-09-27T10:20:29.716] [INFO] pipe - reg模块：生成日志文件
[2019-09-27T10:20:29.823] [INFO] pipe - login模块：生成日志文件
[2019-09-27T10:20:29.824] [INFO] pipe - userList模块：生成日志文件
[2019-09-27T10:20:29.891] [INFO] pipe - websocket模块：生成日志文件
[2019-09-27T10:21:21.922] [INFO] pipe - index模块：生成日志文件
[2019-09-27T10:21:21.932] [INFO] pipe - reg模块：生成日志文件
[2019-09-27T10:21:22.032] [INFO] pipe - login模块：生成日志文件
[2019-09-27T10:21:22.033] [INFO] pipe - userList模块：生成日志文件
[2019-09-27T10:21:22.102] [INFO] pipe - websocket模块：生成日志文件
[2019-09-27T10:31:46.137] [INFO] pipe - index模块：生成日志文件
[2019-09-27T10:31:46.148] [INFO] pipe - reg模块：生成日志文件
[2019-09-27T10:31:46.252] [INFO] pipe - login模块：生成日志文件
[2019-09-27T10:31:46.253] [INFO] pipe - userList模块：生成日志文件
[2019-09-27T10:31:46.319] [INFO] pipe - websocket模块：生成日志文件
[2019-09-27T10:32:55.148] [INFO] pipe - index模块：生成日志文件
[2019-09-27T10:32:55.157] [INFO] pipe - reg模块：生成日志文件
[2019-09-27T10:32:55.256] [INFO] pipe - login模块：生成日志文件
[2019-09-27T10:32:55.257] [INFO] pipe - userList模块：生成日志文件
[2019-09-27T10:32:55.322] [INFO] pipe - websocket模块：生成日志文件
[2019-09-27T10:33:58.995] [INFO] pipe - index模块：生成日志文件
[2019-09-27T10:33:59.004] [INFO] pipe - reg模块：生成日志文件
[2019-09-27T10:33:59.105] [INFO] pipe - login模块：生成日志文件
[2019-09-27T10:33:59.106] [INFO] pipe - userList模块：生成日志文件
[2019-09-27T10:33:59.172] [INFO] pipe - websocket模块：生成日志文件
[2019-09-27T10:36:05.145] [INFO] pipe - index模块：生成日志文件
[2019-09-27T10:36:05.154] [INFO] pipe - reg模块：生成日志文件
[2019-09-27T10:36:05.255] [INFO] pipe - login模块：生成日志文件
[2019-09-27T10:36:05.256] [INFO] pipe - userList模块：生成日志文件
[2019-09-27T10:36:05.321] [INFO] pipe - websocket模块：生成日志文件
[2019-09-27T10:47:20.694] [INFO] pipe - index模块：生成日志文件
[2019-09-27T10:47:20.704] [INFO] pipe - reg模块：生成日志文件
[2019-09-27T10:47:20.820] [INFO] pipe - login模块：生成日志文件
[2019-09-27T10:47:20.821] [INFO] pipe - userList模块：生成日志文件
[2019-09-27T10:47:20.895] [INFO] pipe - websocket模块：生成日志文件
[2019-09-27T10:49:03.688] [INFO] pipe - index模块：生成日志文件
[2019-09-27T10:49:03.697] [INFO] pipe - reg模块：生成日志文件
[2019-09-27T10:49:03.798] [INFO] pipe - login模块：生成日志文件
[2019-09-27T10:49:03.799] [INFO] pipe - userList模块：生成日志文件
[2019-09-27T10:49:03.869] [INFO] pipe - websocket模块：生成日志文件
[2019-09-27T10:59:24.502] [INFO] pipe - index模块：生成日志文件
[2019-09-27T10:59:24.511] [INFO] pipe - reg模块：生成日志文件
[2019-09-27T10:59:24.609] [INFO] pipe - login模块：生成日志文件
[2019-09-27T10:59:24.610] [INFO] pipe - userList模块：生成日志文件
[2019-09-27T10:59:24.678] [INFO] pipe - websocket模块：生成日志文件
[2019-09-27T11:01:22.268] [INFO] pipe - index模块：生成日志文件
[2019-09-27T11:01:22.277] [INFO] pipe - reg模块：生成日志文件
[2019-09-27T11:01:22.379] [INFO] pipe - login模块：生成日志文件
[2019-09-27T11:01:22.380] [INFO] pipe - userList模块：生成日志文件
[2019-09-27T11:01:22.444] [INFO] pipe - websocket模块：生成日志文件
[2019-09-27T11:11:31.854] [INFO] pipe - index模块：生成日志文件
[2019-09-27T11:11:31.863] [INFO] pipe - reg模块：生成日志文件
[2019-09-27T11:11:31.963] [INFO] pipe - login模块：生成日志文件
[2019-09-27T11:11:31.964] [INFO] pipe - userList模块：生成日志文件
[2019-09-27T11:11:32.031] [INFO] pipe - websocket模块：生成日志文件
[2019-09-27T11:17:04.809] [INFO] pipe - index模块：生成日志文件
[2019-09-27T11:17:04.818] [INFO] pipe - reg模块：生成日志文件
[2019-09-27T11:17:04.916] [INFO] pipe - login模块：生成日志文件
[2019-09-27T11:17:04.917] [INFO] pipe - userList模块：生成日志文件
[2019-09-27T11:17:04.981] [INFO] pipe - websocket模块：生成日志文件
[2019-09-27T11:18:58.049] [INFO] pipe - index模块：生成日志文件
[2019-09-27T11:18:58.058] [INFO] pipe - reg模块：生成日志文件
[2019-09-27T11:18:58.157] [INFO] pipe - login模块：生成日志文件
[2019-09-27T11:18:58.158] [INFO] pipe - userList模块：生成日志文件
[2019-09-27T11:18:58.223] [INFO] pipe - websocket模块：生成日志文件
[2019-09-27T11:24:40.338] [INFO] pipe - index模块：生成日志文件
[2019-09-27T11:24:40.347] [INFO] pipe - reg模块：生成日志文件
[2019-09-27T11:24:40.446] [INFO] pipe - login模块：生成日志文件
[2019-09-27T11:24:40.447] [INFO] pipe - userList模块：生成日志文件
[2019-09-27T11:24:40.513] [INFO] pipe - websocket模块：生成日志文件
[2019-09-27T11:26:53.614] [INFO] pipe - index模块：生成日志文件
[2019-09-27T11:26:53.625] [INFO] pipe - reg模块：生成日志文件
[2019-09-27T11:26:53.751] [INFO] pipe - login模块：生成日志文件
[2019-09-27T11:26:53.753] [INFO] pipe - userList模块：生成日志文件
[2019-09-27T11:26:53.818] [INFO] pipe - websocket模块：生成日志文件
[2019-09-27T11:32:13.267] [INFO] pipe - index模块：生成日志文件
[2019-09-27T11:32:13.276] [INFO] pipe - reg模块：生成日志文件
[2019-09-27T11:32:13.388] [INFO] pipe - login模块：生成日志文件
[2019-09-27T11:32:13.389] [INFO] pipe - userList模块：生成日志文件
[2019-09-27T11:32:13.453] [INFO] pipe - websocket模块：生成日志文件
[2019-09-27T14:13:47.796] [INFO] pipe - index模块：生成日志文件
[2019-09-27T14:13:47.806] [INFO] pipe - reg模块：生成日志文件
[2019-09-27T14:13:47.907] [INFO] pipe - login模块：生成日志文件
[2019-09-27T14:13:47.908] [INFO] pipe - userList模块：生成日志文件
[2019-09-27T14:13:47.972] [INFO] pipe - websocket模块：生成日志文件
[2019-09-27T14:18:15.726] [INFO] pipe - index模块：生成日志文件
[2019-09-27T14:18:15.737] [INFO] pipe - reg模块：生成日志文件
[2019-09-27T14:18:15.845] [INFO] pipe - login模块：生成日志文件
[2019-09-27T14:18:15.846] [INFO] pipe - userList模块：生成日志文件
[2019-09-27T14:18:15.914] [INFO] pipe - websocket模块：生成日志文件
[2019-09-27T14:21:12.289] [INFO] pipe - index模块：生成日志文件
[2019-09-27T14:21:12.298] [INFO] pipe - reg模块：生成日志文件
[2019-09-27T14:21:12.405] [INFO] pipe - login模块：生成日志文件
[2019-09-27T14:21:12.407] [INFO] pipe - userList模块：生成日志文件
[2019-09-27T14:21:12.490] [INFO] pipe - websocket模块：生成日志文件
[2019-09-27T14:49:50.694] [INFO] pipe - index模块：生成日志文件
[2019-09-27T14:49:50.703] [INFO] pipe - reg模块：生成日志文件
[2019-09-27T14:49:50.816] [INFO] pipe - login模块：生成日志文件
[2019-09-27T14:49:50.817] [INFO] pipe - userList模块：生成日志文件
[2019-09-27T14:49:50.894] [INFO] pipe - websocket模块：生成日志文件
[2019-09-27T14:50:59.339] [INFO] pipe - index模块：生成日志文件
[2019-09-27T14:50:59.348] [INFO] pipe - reg模块：生成日志文件
[2019-09-27T14:50:59.465] [INFO] pipe - login模块：生成日志文件
[2019-09-27T14:50:59.466] [INFO] pipe - userList模块：生成日志文件
[2019-09-27T14:50:59.538] [INFO] pipe - websocket模块：生成日志文件
[2019-09-27T14:54:07.557] [INFO] pipe - index模块：生成日志文件
[2019-09-27T14:54:07.570] [INFO] pipe - reg模块：生成日志文件
[2019-09-27T14:54:07.691] [INFO] pipe - login模块：生成日志文件
[2019-09-27T14:54:07.693] [INFO] pipe - userList模块：生成日志文件
[2019-09-27T14:54:07.774] [INFO] pipe - websocket模块：生成日志文件
[2019-09-27T15:39:38.148] [INFO] pipe - index模块：生成日志文件
[2019-09-27T15:39:38.157] [INFO] pipe - reg模块：生成日志文件
[2019-09-27T15:39:38.266] [INFO] pipe - login模块：生成日志文件
[2019-09-27T15:39:38.267] [INFO] pipe - userList模块：生成日志文件
[2019-09-27T15:39:38.337] [INFO] pipe - websocket模块：生成日志文件
[2019-09-27T15:44:01.925] [INFO] pipe - index模块：生成日志文件
[2019-09-27T15:44:01.935] [INFO] pipe - reg模块：生成日志文件
[2019-09-27T15:44:02.040] [INFO] pipe - login模块：生成日志文件
[2019-09-27T15:44:02.041] [INFO] pipe - userList模块：生成日志文件
[2019-09-27T15:44:02.112] [INFO] pipe - websocket模块：生成日志文件
[2019-09-27T15:45:16.271] [INFO] pipe - index模块：生成日志文件
[2019-09-27T15:45:16.281] [INFO] pipe - reg模块：生成日志文件
[2019-09-27T15:45:16.383] [INFO] pipe - login模块：生成日志文件
[2019-09-27T15:45:16.386] [INFO] pipe - userList模块：生成日志文件
[2019-09-27T15:45:16.453] [INFO] pipe - websocket模块：生成日志文件
[2019-09-27T15:53:50.590] [INFO] pipe - index模块：生成日志文件
[2019-09-27T15:53:50.600] [INFO] pipe - reg模块：生成日志文件
[2019-09-27T15:53:50.710] [INFO] pipe - login模块：生成日志文件
[2019-09-27T15:53:50.712] [INFO] pipe - userList模块：生成日志文件
[2019-09-27T15:53:50.787] [INFO] pipe - websocket模块：生成日志文件
[2019-09-27T15:56:03.638] [INFO] pipe - index模块：生成日志文件
[2019-09-27T15:56:03.649] [INFO] pipe - reg模块：生成日志文件
[2019-09-27T15:56:03.779] [INFO] pipe - login模块：生成日志文件
[2019-09-27T15:56:03.781] [INFO] pipe - userList模块：生成日志文件
[2019-09-27T15:56:03.888] [INFO] pipe - websocket模块：生成日志文件
[2019-09-27T16:40:13.904] [INFO] pipe - index模块：生成日志文件
[2019-09-27T16:40:13.914] [INFO] pipe - reg模块：生成日志文件
[2019-09-27T16:40:14.019] [INFO] pipe - login模块：生成日志文件
[2019-09-27T16:40:14.020] [INFO] pipe - userList模块：生成日志文件
[2019-09-27T16:40:14.088] [INFO] pipe - websocket模块：生成日志文件
[2019-09-27T16:42:27.864] [INFO] pipe - index模块：生成日志文件
[2019-09-27T16:42:27.873] [INFO] pipe - reg模块：生成日志文件
[2019-09-27T16:42:27.983] [INFO] pipe - login模块：生成日志文件
[2019-09-27T16:42:27.984] [INFO] pipe - userList模块：生成日志文件
[2019-09-27T16:42:28.049] [INFO] pipe - websocket模块：生成日志文件
[2019-09-27T16:47:43.307] [INFO] pipe - index模块：生成日志文件
[2019-09-27T16:47:43.316] [INFO] pipe - reg模块：生成日志文件
[2019-09-27T16:47:43.422] [INFO] pipe - login模块：生成日志文件
[2019-09-27T16:47:43.423] [INFO] pipe - userList模块：生成日志文件
[2019-09-27T16:47:43.488] [INFO] pipe - websocket模块：生成日志文件
[2019-09-27T17:00:51.978] [INFO] pipe - index模块：生成日志文件
[2019-09-27T17:00:51.986] [INFO] pipe - reg模块：生成日志文件
[2019-09-27T17:00:52.089] [INFO] pipe - login模块：生成日志文件
[2019-09-27T17:00:52.090] [INFO] pipe - userList模块：生成日志文件
[2019-09-27T17:00:52.154] [INFO] pipe - websocket模块：生成日志文件
[2019-09-27T17:06:04.477] [INFO] pipe - index模块：生成日志文件
[2019-09-27T17:06:04.486] [INFO] pipe - reg模块：生成日志文件
[2019-09-27T17:06:04.595] [INFO] pipe - login模块：生成日志文件
[2019-09-27T17:06:04.596] [INFO] pipe - userList模块：生成日志文件
[2019-09-27T17:06:04.664] [INFO] pipe - websocket模块：生成日志文件
[2019-09-27T17:19:43.187] [INFO] pipe - index模块：生成日志文件
[2019-09-27T17:19:43.198] [INFO] pipe - reg模块：生成日志文件
[2019-09-27T17:19:43.322] [INFO] pipe - login模块：生成日志文件
[2019-09-27T17:19:43.323] [INFO] pipe - userList模块：生成日志文件
[2019-09-27T17:19:43.404] [INFO] pipe - websocket模块：生成日志文件
[2019-09-27T17:20:37.670] [INFO] pipe - index模块：生成日志文件
[2019-09-27T17:20:37.681] [INFO] pipe - reg模块：生成日志文件
[2019-09-27T17:20:37.790] [INFO] pipe - login模块：生成日志文件
[2019-09-27T17:20:37.791] [INFO] pipe - userList模块：生成日志文件
[2019-09-27T17:20:37.864] [INFO] pipe - websocket模块：生成日志文件
[2019-09-27T17:21:12.257] [INFO] pipe - index模块：生成日志文件
[2019-09-27T17:21:12.266] [INFO] pipe - reg模块：生成日志文件
[2019-09-27T17:21:12.371] [INFO] pipe - login模块：生成日志文件
[2019-09-27T17:21:12.372] [INFO] pipe - userList模块：生成日志文件
[2019-09-27T17:21:12.443] [INFO] pipe - websocket模块：生成日志文件
[2019-09-27T17:57:35.233] [INFO] pipe - index模块：生成日志文件
[2019-09-27T17:57:35.243] [INFO] pipe - reg模块：生成日志文件
[2019-09-27T17:57:35.349] [INFO] pipe - login模块：生成日志文件
[2019-09-27T17:57:35.350] [INFO] pipe - userList模块：生成日志文件
[2019-09-27T17:57:35.416] [INFO] pipe - websocket模块：生成日志文件
[2019-09-27T17:59:30.347] [INFO] pipe - index模块：生成日志文件
[2019-09-27T17:59:30.356] [INFO] pipe - reg模块：生成日志文件
[2019-09-27T17:59:30.474] [INFO] pipe - login模块：生成日志文件
[2019-09-27T17:59:30.475] [INFO] pipe - userList模块：生成日志文件
[2019-09-27T17:59:30.545] [INFO] pipe - websocket模块：生成日志文件
[2019-09-27T18:09:19.966] [INFO] pipe - index模块：生成日志文件
[2019-09-27T18:09:19.975] [INFO] pipe - reg模块：生成日志文件
[2019-09-27T18:09:20.086] [INFO] pipe - login模块：生成日志文件
[2019-09-27T18:09:20.087] [INFO] pipe - userList模块：生成日志文件
[2019-09-27T18:09:20.157] [INFO] pipe - websocket模块：生成日志文件
[2019-09-27T18:12:28.997] [INFO] pipe - index模块：生成日志文件
[2019-09-27T18:12:29.007] [INFO] pipe - reg模块：生成日志文件
[2019-09-27T18:12:29.124] [INFO] pipe - login模块：生成日志文件
[2019-09-27T18:12:29.125] [INFO] pipe - userList模块：生成日志文件
[2019-09-27T18:12:29.194] [INFO] pipe - websocket模块：生成日志文件
[2019-09-27T18:16:40.861] [INFO] pipe - index模块：生成日志文件
[2019-09-27T18:16:40.870] [INFO] pipe - reg模块：生成日志文件
[2019-09-27T18:16:40.977] [INFO] pipe - login模块：生成日志文件
[2019-09-27T18:16:40.979] [INFO] pipe - userList模块：生成日志文件
[2019-09-27T18:16:41.055] [INFO] pipe - websocket模块：生成日志文件
